<?xml version="1.0" encoding="UTF-8"?>
<!-- Generated by org.testng.reporters.JUnitXMLReporter -->
<testsuite ignored="5" hostname="LAPTOP-D4RH5SI9" failures="0" tests="1" name="Default test" time="0.736" errors="0" timestamp="2024-01-01T16:40:07 GMT+05:30">
  <testcase classname="Mock.SerialDeserial" name="deserialObject" time="0.589"/>
  <testcase classname="Mock.SerialDeserial" name="simpleDeserial" time="0.0">
    <ignored/>
  </testcase> <!-- simpleDeserial -->
  <testcase classname="Mock.SerialDeserial" name="arraySerial" time="0.0">
    <ignored/>
  </testcase> <!-- arraySerial -->
  <testcase classname="Mock.SerialDeserial" name="serialObject" time="0.0">
    <ignored/>
  </testcase> <!-- serialObject -->
  <testcase classname="Mock.SerialDeserial" name="simpleSerial" time="0.0">
    <ignored/>
  </testcase> <!-- simpleSerial -->
  <testcase classname="Mock.SerialDeserial" name="deserialAtaay" time="0.0">
    <ignored/>
  </testcase> <!-- deserialAtaay -->
</testsuite> <!-- Default test -->
