<?xml version="1.0" encoding="UTF-8"?>
<!-- Generated by org.testng.reporters.JUnitXMLReporter -->
<testsuite ignored="0" hostname="LAPTOP-D4RH5SI9" failures="0" tests="4" name="Default test" time="7.752" errors="0" timestamp="2023-12-25T13:24:04 GMT+05:30">
  <testcase classname="Reqres.DataDrivenTesting" name="test" time="5.941"/>
  <testcase classname="Reqres.DataDrivenTesting" name="test" time="0.591"/>
  <testcase classname="Reqres.DataDrivenTesting" name="test" time="0.513"/>
  <testcase classname="Reqres.DataDrivenTesting" name="test" time="0.566"/>
</testsuite> <!-- Default test -->
