<?xml version="1.0" encoding="UTF-8"?>
<testng-results ignored="0" total="1" passed="1" failed="0" skipped="0">
  <reporter-output>
  </reporter-output>
  <suite started-at="2023-12-22T13:09:28 GMT+05:30" name="Default suite" finished-at="2023-12-22T13:09:33 GMT+05:30" duration-ms="5312">
    <groups>
    </groups>
    <test started-at="2023-12-22T13:09:28 GMT+05:30" name="Default test" finished-at="2023-12-22T13:09:33 GMT+05:30" duration-ms="5312">
      <class name="Interview.SchemaValidation">
        <test-method signature="schema()[pri:0, instance:Interview.SchemaValidation@4a94ee4]" started-at="2023-12-22T13:09:28 GMT+05:30" name="schema" finished-at="2023-12-22T13:09:33 GMT+05:30" duration-ms="5206" status="PASS">
          <reporter-output>
          </reporter-output>
        </test-method> <!-- schema -->
      </class> <!-- Interview.SchemaValidation -->
    </test> <!-- Default test -->
  </suite> <!-- Default suite -->
</testng-results>
